<?xml version="1.0" encoding="UTF-8"?>
<beans xmlns="http://www.springframework.org/schema/beans"
	xmlns:xsi="http://www.w3.org/2001/XMLSchema-instance"
	xsi:schemaLocation="http://www.springframework.org/schema/beans  
http://www.springframework.org/schema/beans/spring-beans.xsd">
	<!-- 위 부분은 딱히 기억할 필요읎음 왜냐 나중에는 자동으로 생성해줄테니깐! -->
</beans>